mode: set
final-project-booking-room/repository/booking_repository.go:27.70,30.16 3 0
final-project-booking-room/repository/booking_repository.go:30.16,32.3 1 0
final-project-booking-room/repository/booking_repository.go:33.2,33.20 1 0
final-project-booking-room/repository/booking_repository.go:36.66,39.16 3 0
final-project-booking-room/repository/booking_repository.go:39.16,41.3 1 0
final-project-booking-room/repository/booking_repository.go:42.2,42.20 1 0
final-project-booking-room/repository/booking_repository.go:46.93,51.16 3 0
final-project-booking-room/repository/booking_repository.go:51.16,53.3 1 0
final-project-booking-room/repository/booking_repository.go:56.2,59.16 3 0
final-project-booking-room/repository/booking_repository.go:59.16,62.3 2 0
final-project-booking-room/repository/booking_repository.go:65.2,66.26 2 0
final-project-booking-room/repository/booking_repository.go:66.26,68.3 1 0
final-project-booking-room/repository/booking_repository.go:69.2,70.16 2 0
final-project-booking-room/repository/booking_repository.go:70.16,73.3 2 0
final-project-booking-room/repository/booking_repository.go:76.2,76.36 1 0
final-project-booking-room/repository/booking_repository.go:76.36,78.3 1 0
final-project-booking-room/repository/booking_repository.go:80.2,98.16 2 0
final-project-booking-room/repository/booking_repository.go:98.16,100.3 1 0
final-project-booking-room/repository/booking_repository.go:103.2,104.16 2 0
final-project-booking-room/repository/booking_repository.go:104.16,106.3 1 0
final-project-booking-room/repository/booking_repository.go:108.2,110.21 2 0
final-project-booking-room/repository/booking_repository.go:114.84,121.16 3 0
final-project-booking-room/repository/booking_repository.go:121.16,123.3 1 0
final-project-booking-room/repository/booking_repository.go:125.2,127.18 2 0
final-project-booking-room/repository/booking_repository.go:127.18,142.17 3 0
final-project-booking-room/repository/booking_repository.go:142.17,144.4 1 0
final-project-booking-room/repository/booking_repository.go:147.3,148.17 2 0
final-project-booking-room/repository/booking_repository.go:148.17,150.4 1 0
final-project-booking-room/repository/booking_repository.go:152.3,153.39 2 0
final-project-booking-room/repository/booking_repository.go:156.2,156.24 1 0
final-project-booking-room/repository/booking_repository.go:156.24,158.3 1 0
final-project-booking-room/repository/booking_repository.go:159.2,159.22 1 0
final-project-booking-room/repository/booking_repository.go:163.63,170.16 3 0
final-project-booking-room/repository/booking_repository.go:170.16,172.3 1 0
final-project-booking-room/repository/booking_repository.go:174.2,176.18 2 0
final-project-booking-room/repository/booking_repository.go:176.18,191.17 3 0
final-project-booking-room/repository/booking_repository.go:191.17,193.4 1 0
final-project-booking-room/repository/booking_repository.go:196.3,197.17 2 0
final-project-booking-room/repository/booking_repository.go:197.17,199.4 1 0
final-project-booking-room/repository/booking_repository.go:201.3,202.39 2 0
final-project-booking-room/repository/booking_repository.go:205.2,205.22 1 0
final-project-booking-room/repository/booking_repository.go:208.107,217.16 3 0
final-project-booking-room/repository/booking_repository.go:217.16,219.3 1 0
final-project-booking-room/repository/booking_repository.go:221.2,223.18 2 0
final-project-booking-room/repository/booking_repository.go:223.18,255.17 3 0
final-project-booking-room/repository/booking_repository.go:255.17,257.4 1 0
final-project-booking-room/repository/booking_repository.go:259.3,259.57 1 0
final-project-booking-room/repository/booking_repository.go:262.2,262.28 1 0
final-project-booking-room/repository/booking_repository.go:266.97,269.16 3 0
final-project-booking-room/repository/booking_repository.go:269.16,271.3 1 0
final-project-booking-room/repository/booking_repository.go:273.2,281.16 3 0
final-project-booking-room/repository/booking_repository.go:281.16,283.3 1 0
final-project-booking-room/repository/booking_repository.go:285.2,286.43 2 0
final-project-booking-room/repository/booking_repository.go:286.43,309.17 7 0
final-project-booking-room/repository/booking_repository.go:309.17,311.4 1 0
final-project-booking-room/repository/booking_repository.go:313.3,314.57 2 0
final-project-booking-room/repository/booking_repository.go:318.2,321.36 3 0
final-project-booking-room/repository/booking_repository.go:321.36,323.3 1 0
final-project-booking-room/repository/booking_repository.go:324.2,324.21 1 0
final-project-booking-room/repository/booking_repository.go:328.99,331.45 3 0
final-project-booking-room/repository/booking_repository.go:331.45,333.3 1 0
final-project-booking-room/repository/booking_repository.go:333.8,335.3 1 0
final-project-booking-room/repository/booking_repository.go:336.2,354.16 2 0
final-project-booking-room/repository/booking_repository.go:354.16,356.3 1 0
final-project-booking-room/repository/booking_repository.go:359.2,360.16 2 0
final-project-booking-room/repository/booking_repository.go:360.16,362.3 1 0
final-project-booking-room/repository/booking_repository.go:364.2,366.21 2 0
final-project-booking-room/repository/booking_repository.go:369.57,371.2 1 0
final-project-booking-room/repository/room_repository.go:28.82,32.16 3 0
final-project-booking-room/repository/room_repository.go:32.16,34.3 1 0
final-project-booking-room/repository/room_repository.go:35.2,35.27 1 0
final-project-booking-room/repository/room_repository.go:35.27,37.3 1 0
final-project-booking-room/repository/room_repository.go:38.2,40.18 2 0
final-project-booking-room/repository/room_repository.go:40.18,66.17 3 0
final-project-booking-room/repository/room_repository.go:66.17,68.4 1 0
final-project-booking-room/repository/room_repository.go:69.3,69.30 1 0
final-project-booking-room/repository/room_repository.go:71.2,71.16 1 0
final-project-booking-room/repository/room_repository.go:71.16,73.3 1 0
final-project-booking-room/repository/room_repository.go:75.2,75.19 1 0
final-project-booking-room/repository/room_repository.go:80.61,84.16 3 0
final-project-booking-room/repository/room_repository.go:84.16,86.3 1 0
final-project-booking-room/repository/room_repository.go:87.2,89.18 2 0
final-project-booking-room/repository/room_repository.go:89.18,115.17 3 0
final-project-booking-room/repository/room_repository.go:115.17,117.4 1 0
final-project-booking-room/repository/room_repository.go:118.3,118.30 1 0
final-project-booking-room/repository/room_repository.go:120.2,120.16 1 0
final-project-booking-room/repository/room_repository.go:120.16,122.3 1 0
final-project-booking-room/repository/room_repository.go:124.2,124.19 1 0
final-project-booking-room/repository/room_repository.go:128.56,131.16 3 0
final-project-booking-room/repository/room_repository.go:131.16,133.3 1 0
final-project-booking-room/repository/room_repository.go:134.2,134.12 1 0
final-project-booking-room/repository/room_repository.go:138.69,141.16 3 0
final-project-booking-room/repository/room_repository.go:141.16,143.3 1 0
final-project-booking-room/repository/room_repository.go:144.2,144.20 1 0
final-project-booking-room/repository/room_repository.go:148.63,151.16 3 0
final-project-booking-room/repository/room_repository.go:151.16,153.3 1 0
final-project-booking-room/repository/room_repository.go:154.2,154.20 1 0
final-project-booking-room/repository/room_repository.go:158.77,184.16 3 0
final-project-booking-room/repository/room_repository.go:184.16,186.3 1 0
final-project-booking-room/repository/room_repository.go:187.2,187.18 1 0
final-project-booking-room/repository/room_repository.go:191.84,204.16 4 0
final-project-booking-room/repository/room_repository.go:204.16,206.3 1 0
final-project-booking-room/repository/room_repository.go:208.2,228.16 3 0
final-project-booking-room/repository/room_repository.go:228.16,230.3 1 0
final-project-booking-room/repository/room_repository.go:232.2,234.18 2 0
final-project-booking-room/repository/room_repository.go:238.64,240.16 2 0
final-project-booking-room/repository/room_repository.go:240.16,242.3 1 0
final-project-booking-room/repository/room_repository.go:243.2,243.26 1 0
final-project-booking-room/repository/room_repository.go:247.61,273.16 3 0
final-project-booking-room/repository/room_repository.go:273.16,275.3 1 0
final-project-booking-room/repository/room_repository.go:277.2,277.18 1 0
final-project-booking-room/repository/room_repository.go:280.73,304.16 4 0
final-project-booking-room/repository/room_repository.go:304.16,306.3 1 0
final-project-booking-room/repository/room_repository.go:308.2,313.16 4 0
final-project-booking-room/repository/room_repository.go:313.16,315.3 1 0
final-project-booking-room/repository/room_repository.go:317.2,317.18 1 0
final-project-booking-room/repository/room_repository.go:320.51,322.2 1 0
final-project-booking-room/repository/user_repository.go:27.71,38.16 3 0
final-project-booking-room/repository/user_repository.go:38.16,40.3 1 0
final-project-booking-room/repository/user_repository.go:42.2,42.18 1 0
final-project-booking-room/repository/user_repository.go:46.65,51.16 3 0
final-project-booking-room/repository/user_repository.go:51.16,53.3 1 0
final-project-booking-room/repository/user_repository.go:55.2,55.18 1 0
final-project-booking-room/repository/user_repository.go:59.73,65.16 3 0
final-project-booking-room/repository/user_repository.go:65.16,67.3 1 0
final-project-booking-room/repository/user_repository.go:69.2,69.18 1 0
final-project-booking-room/repository/user_repository.go:73.101,76.16 3 0
final-project-booking-room/repository/user_repository.go:76.16,78.3 1 0
final-project-booking-room/repository/user_repository.go:80.2,85.16 3 0
final-project-booking-room/repository/user_repository.go:85.16,87.3 1 0
final-project-booking-room/repository/user_repository.go:89.2,89.18 1 0
final-project-booking-room/repository/user_repository.go:93.72,95.16 2 0
final-project-booking-room/repository/user_repository.go:95.16,97.3 1 0
final-project-booking-room/repository/user_repository.go:99.2,99.26 1 0
final-project-booking-room/repository/user_repository.go:103.61,107.16 3 1
final-project-booking-room/repository/user_repository.go:107.16,109.3 1 1
final-project-booking-room/repository/user_repository.go:110.2,112.18 2 1
final-project-booking-room/repository/user_repository.go:112.18,115.17 3 1
final-project-booking-room/repository/user_repository.go:115.17,117.4 1 0
final-project-booking-room/repository/user_repository.go:118.3,118.30 1 1
final-project-booking-room/repository/user_repository.go:121.2,121.35 1 1
final-project-booking-room/repository/user_repository.go:121.35,123.3 1 0
final-project-booking-room/repository/user_repository.go:125.2,125.19 1 1
final-project-booking-room/repository/user_repository.go:128.76,130.2 1 1
