mode: set
project-final/repository/booking_repository.go:28.70,31.16 3 1
project-final/repository/booking_repository.go:31.16,33.3 1 1
project-final/repository/booking_repository.go:34.2,34.20 1 1
project-final/repository/booking_repository.go:37.66,40.16 3 0
project-final/repository/booking_repository.go:40.16,42.3 1 0
project-final/repository/booking_repository.go:43.2,43.20 1 0
project-final/repository/booking_repository.go:47.93,52.16 3 0
project-final/repository/booking_repository.go:52.16,54.3 1 0
project-final/repository/booking_repository.go:57.2,60.16 3 0
project-final/repository/booking_repository.go:60.16,63.3 2 0
project-final/repository/booking_repository.go:66.2,67.26 2 0
project-final/repository/booking_repository.go:67.26,69.3 1 0
project-final/repository/booking_repository.go:70.2,71.16 2 0
project-final/repository/booking_repository.go:71.16,74.3 2 0
project-final/repository/booking_repository.go:77.2,77.36 1 0
project-final/repository/booking_repository.go:77.36,79.3 1 0
project-final/repository/booking_repository.go:81.2,99.16 2 0
project-final/repository/booking_repository.go:99.16,101.3 1 0
project-final/repository/booking_repository.go:104.2,105.16 2 0
project-final/repository/booking_repository.go:105.16,107.3 1 0
project-final/repository/booking_repository.go:109.2,111.21 2 0
project-final/repository/booking_repository.go:115.84,122.16 3 1
project-final/repository/booking_repository.go:122.16,124.3 1 0
project-final/repository/booking_repository.go:126.2,128.18 2 1
project-final/repository/booking_repository.go:128.18,143.17 3 1
project-final/repository/booking_repository.go:143.17,145.4 1 0
project-final/repository/booking_repository.go:148.3,149.17 2 1
project-final/repository/booking_repository.go:149.17,151.4 1 0
project-final/repository/booking_repository.go:153.3,154.39 2 1
project-final/repository/booking_repository.go:157.2,157.24 1 1
project-final/repository/booking_repository.go:157.24,159.3 1 0
project-final/repository/booking_repository.go:160.2,160.22 1 1
project-final/repository/booking_repository.go:164.63,171.16 3 1
project-final/repository/booking_repository.go:171.16,173.3 1 0
project-final/repository/booking_repository.go:175.2,177.18 2 1
project-final/repository/booking_repository.go:177.18,192.17 3 1
project-final/repository/booking_repository.go:192.17,194.4 1 0
project-final/repository/booking_repository.go:197.3,198.17 2 1
project-final/repository/booking_repository.go:198.17,200.4 1 0
project-final/repository/booking_repository.go:202.3,203.39 2 1
project-final/repository/booking_repository.go:206.2,206.22 1 1
project-final/repository/booking_repository.go:209.107,218.16 3 1
project-final/repository/booking_repository.go:218.16,220.3 1 0
project-final/repository/booking_repository.go:222.2,224.18 2 1
project-final/repository/booking_repository.go:224.18,256.17 3 1
project-final/repository/booking_repository.go:256.17,258.4 1 0
project-final/repository/booking_repository.go:260.3,260.57 1 1
project-final/repository/booking_repository.go:263.2,263.28 1 1
project-final/repository/booking_repository.go:267.97,270.16 3 1
project-final/repository/booking_repository.go:270.16,272.3 1 0
project-final/repository/booking_repository.go:274.2,282.16 3 1
project-final/repository/booking_repository.go:282.16,284.3 1 0
project-final/repository/booking_repository.go:286.2,287.43 2 1
project-final/repository/booking_repository.go:287.43,310.17 7 1
project-final/repository/booking_repository.go:310.17,312.4 1 0
project-final/repository/booking_repository.go:314.3,315.57 2 1
project-final/repository/booking_repository.go:319.2,322.36 3 1
project-final/repository/booking_repository.go:322.36,324.3 1 0
project-final/repository/booking_repository.go:325.2,325.21 1 1
project-final/repository/booking_repository.go:329.99,332.45 3 1
project-final/repository/booking_repository.go:332.45,334.3 1 1
project-final/repository/booking_repository.go:334.8,336.3 1 0
project-final/repository/booking_repository.go:337.2,355.16 2 1
project-final/repository/booking_repository.go:355.16,357.3 1 0
project-final/repository/booking_repository.go:360.2,361.16 2 1
project-final/repository/booking_repository.go:361.16,363.3 1 0
project-final/repository/booking_repository.go:365.2,367.21 2 1
project-final/repository/booking_repository.go:370.57,372.2 1 1
project-final/repository/room_repository.go:27.73,50.16 4 1
project-final/repository/room_repository.go:50.16,52.3 1 0
project-final/repository/room_repository.go:54.2,59.16 4 1
project-final/repository/room_repository.go:59.16,61.3 1 0
project-final/repository/room_repository.go:63.2,63.18 1 1
project-final/repository/room_repository.go:66.61,92.16 3 1
project-final/repository/room_repository.go:92.16,94.3 1 0
project-final/repository/room_repository.go:96.2,96.18 1 1
project-final/repository/room_repository.go:99.82,103.16 3 1
project-final/repository/room_repository.go:103.16,105.3 1 0
project-final/repository/room_repository.go:106.2,106.27 1 1
project-final/repository/room_repository.go:106.27,108.3 1 0
project-final/repository/room_repository.go:109.2,111.18 2 1
project-final/repository/room_repository.go:111.18,137.17 3 1
project-final/repository/room_repository.go:137.17,139.4 1 0
project-final/repository/room_repository.go:140.3,140.30 1 1
project-final/repository/room_repository.go:142.2,142.16 1 1
project-final/repository/room_repository.go:142.16,144.3 1 0
project-final/repository/room_repository.go:146.2,146.19 1 1
project-final/repository/room_repository.go:150.61,154.16 3 1
project-final/repository/room_repository.go:154.16,156.3 1 0
project-final/repository/room_repository.go:157.2,159.18 2 1
project-final/repository/room_repository.go:159.18,185.17 3 1
project-final/repository/room_repository.go:185.17,187.4 1 0
project-final/repository/room_repository.go:188.3,188.30 1 1
project-final/repository/room_repository.go:190.2,190.16 1 1
project-final/repository/room_repository.go:190.16,192.3 1 0
project-final/repository/room_repository.go:194.2,194.19 1 1
project-final/repository/room_repository.go:197.56,200.16 3 1
project-final/repository/room_repository.go:200.16,202.3 1 0
project-final/repository/room_repository.go:203.2,203.12 1 1
project-final/repository/room_repository.go:206.69,209.16 3 0
project-final/repository/room_repository.go:209.16,211.3 1 0
project-final/repository/room_repository.go:212.2,212.20 1 0
project-final/repository/room_repository.go:215.63,218.16 3 0
project-final/repository/room_repository.go:218.16,220.3 1 0
project-final/repository/room_repository.go:221.2,221.20 1 0
project-final/repository/room_repository.go:224.77,250.16 3 1
project-final/repository/room_repository.go:250.16,252.3 1 0
project-final/repository/room_repository.go:253.2,253.18 1 1
project-final/repository/room_repository.go:256.84,269.16 3 0
project-final/repository/room_repository.go:269.16,271.3 1 0
project-final/repository/room_repository.go:275.2,293.16 2 0
project-final/repository/room_repository.go:293.16,295.3 1 0
project-final/repository/room_repository.go:297.2,297.18 1 0
project-final/repository/room_repository.go:300.64,302.16 2 0
project-final/repository/room_repository.go:302.16,304.3 1 0
project-final/repository/room_repository.go:305.2,305.26 1 0
project-final/repository/room_repository.go:308.51,310.2 1 1
project-final/repository/user_repository.go:26.71,37.16 3 0
project-final/repository/user_repository.go:37.16,39.3 1 0
project-final/repository/user_repository.go:41.2,41.18 1 0
project-final/repository/user_repository.go:45.65,50.16 3 0
project-final/repository/user_repository.go:50.16,52.3 1 0
project-final/repository/user_repository.go:54.2,54.18 1 0
project-final/repository/user_repository.go:58.73,64.16 3 0
project-final/repository/user_repository.go:64.16,66.3 1 0
project-final/repository/user_repository.go:68.2,68.18 1 0
project-final/repository/user_repository.go:72.92,78.16 3 0
project-final/repository/user_repository.go:78.16,80.3 1 0
project-final/repository/user_repository.go:82.2,82.18 1 0
project-final/repository/user_repository.go:86.72,88.16 2 0
project-final/repository/user_repository.go:88.16,90.3 1 0
project-final/repository/user_repository.go:92.2,92.26 1 0
project-final/repository/user_repository.go:96.61,100.16 3 0
project-final/repository/user_repository.go:100.16,102.3 1 0
project-final/repository/user_repository.go:103.2,105.18 2 0
project-final/repository/user_repository.go:105.18,108.17 3 0
project-final/repository/user_repository.go:108.17,110.4 1 0
project-final/repository/user_repository.go:111.3,111.30 1 0
project-final/repository/user_repository.go:114.2,114.35 1 0
project-final/repository/user_repository.go:114.35,116.3 1 0
project-final/repository/user_repository.go:118.2,118.19 1 0
project-final/repository/user_repository.go:121.51,123.2 1 0
project-final/delivery/controller/auth_controller.go:21.60,23.53 2 0
project-final/delivery/controller/auth_controller.go:23.53,26.3 2 0
project-final/delivery/controller/auth_controller.go:28.2,29.16 2 0
project-final/delivery/controller/auth_controller.go:29.16,32.3 2 0
project-final/delivery/controller/auth_controller.go:34.2,34.46 1 0
project-final/delivery/controller/auth_controller.go:37.57,39.53 2 0
project-final/delivery/controller/auth_controller.go:39.53,42.3 2 0
project-final/delivery/controller/auth_controller.go:44.2,45.16 2 0
project-final/delivery/controller/auth_controller.go:45.16,48.3 2 0
project-final/delivery/controller/auth_controller.go:50.2,50.50 1 0
project-final/delivery/controller/auth_controller.go:53.64,56.16 3 0
project-final/delivery/controller/auth_controller.go:56.16,59.3 2 0
project-final/delivery/controller/auth_controller.go:61.2,61.48 1 0
project-final/delivery/controller/auth_controller.go:64.34,69.2 4 0
project-final/delivery/controller/auth_controller.go:71.113,73.2 1 0
project-final/delivery/controller/booking_controller.go:20.61,22.53 2 0
project-final/delivery/controller/booking_controller.go:22.53,25.3 2 0
project-final/delivery/controller/booking_controller.go:26.2,28.16 3 0
project-final/delivery/controller/booking_controller.go:28.16,31.3 2 0
project-final/delivery/controller/booking_controller.go:33.2,33.50 1 0
project-final/delivery/controller/booking_controller.go:36.67,38.53 2 0
project-final/delivery/controller/booking_controller.go:38.53,41.3 2 0
project-final/delivery/controller/booking_controller.go:43.2,44.16 2 0
project-final/delivery/controller/booking_controller.go:44.16,47.3 2 0
project-final/delivery/controller/booking_controller.go:49.2,49.50 1 0
project-final/delivery/controller/booking_controller.go:52.58,54.14 2 0
project-final/delivery/controller/booking_controller.go:54.14,57.3 2 0
project-final/delivery/controller/booking_controller.go:59.2,62.16 4 0
project-final/delivery/controller/booking_controller.go:62.16,65.3 2 0
project-final/delivery/controller/booking_controller.go:67.2,67.50 1 0
project-final/delivery/controller/booking_controller.go:70.66,72.18 2 0
project-final/delivery/controller/booking_controller.go:72.18,75.3 2 0
project-final/delivery/controller/booking_controller.go:76.2,77.16 2 0
project-final/delivery/controller/booking_controller.go:77.16,80.3 2 0
project-final/delivery/controller/booking_controller.go:82.2,82.50 1 0
project-final/delivery/controller/booking_controller.go:85.61,87.16 2 0
project-final/delivery/controller/booking_controller.go:87.16,90.3 2 0
project-final/delivery/controller/booking_controller.go:92.2,92.50 1 0
project-final/delivery/controller/booking_controller.go:95.64,97.16 2 0
project-final/delivery/controller/booking_controller.go:97.16,100.3 2 0
project-final/delivery/controller/booking_controller.go:102.2,102.50 1 0
project-final/delivery/controller/booking_controller.go:105.37,114.2 7 0
project-final/delivery/controller/booking_controller.go:120.22,125.2 1 0
project-final/delivery/controller/room_controller.go:20.58,23.16 3 1
project-final/delivery/controller/room_controller.go:23.16,26.3 2 1
project-final/delivery/controller/room_controller.go:28.2,29.16 2 0
project-final/delivery/controller/room_controller.go:29.16,32.3 2 0
project-final/delivery/controller/room_controller.go:33.2,33.50 1 0
project-final/delivery/controller/room_controller.go:36.63,38.18 2 0
project-final/delivery/controller/room_controller.go:38.18,41.3 2 0
project-final/delivery/controller/room_controller.go:42.2,43.16 2 0
project-final/delivery/controller/room_controller.go:43.16,46.3 2 0
project-final/delivery/controller/room_controller.go:48.2,48.50 1 0
project-final/delivery/controller/room_controller.go:51.55,53.16 2 0
project-final/delivery/controller/room_controller.go:53.16,56.3 2 0
project-final/delivery/controller/room_controller.go:58.2,58.50 1 0
project-final/delivery/controller/room_controller.go:61.55,63.14 2 0
project-final/delivery/controller/room_controller.go:63.14,66.3 2 0
project-final/delivery/controller/room_controller.go:68.2,69.16 2 0
project-final/delivery/controller/room_controller.go:69.16,72.3 2 0
project-final/delivery/controller/room_controller.go:73.2,73.50 1 0
project-final/delivery/controller/room_controller.go:76.65,79.20 2 0
project-final/delivery/controller/room_controller.go:79.20,81.17 2 0
project-final/delivery/controller/room_controller.go:81.17,84.4 2 0
project-final/delivery/controller/room_controller.go:85.3,85.47 1 0
project-final/delivery/controller/room_controller.go:87.2,88.16 2 0
project-final/delivery/controller/room_controller.go:88.16,91.3 2 0
project-final/delivery/controller/room_controller.go:93.2,93.50 1 0
project-final/delivery/controller/room_controller.go:97.58,99.14 2 0
project-final/delivery/controller/room_controller.go:99.14,102.3 2 0
project-final/delivery/controller/room_controller.go:104.2,105.16 2 0
project-final/delivery/controller/room_controller.go:105.16,108.3 2 0
project-final/delivery/controller/room_controller.go:110.2,110.43 1 0
project-final/delivery/controller/room_controller.go:113.64,115.14 2 0
project-final/delivery/controller/room_controller.go:115.14,118.3 2 0
project-final/delivery/controller/room_controller.go:120.2,121.16 2 0
project-final/delivery/controller/room_controller.go:121.16,124.3 2 0
project-final/delivery/controller/room_controller.go:126.2,126.77 1 0
project-final/delivery/controller/room_controller.go:129.58,131.14 2 0
project-final/delivery/controller/room_controller.go:131.14,134.3 2 0
project-final/delivery/controller/room_controller.go:136.2,138.16 3 0
project-final/delivery/controller/room_controller.go:138.16,139.21 1 0
project-final/delivery/controller/room_controller.go:142.2,145.16 3 0
project-final/delivery/controller/room_controller.go:145.16,148.3 2 0
project-final/delivery/controller/room_controller.go:150.2,150.50 1 0
project-final/delivery/controller/room_controller.go:153.34,175.2 9 1
project-final/delivery/controller/room_controller.go:177.127,179.2 1 1
project-final/delivery/controller/user_controller.go:20.58,23.16 2 0
project-final/delivery/controller/user_controller.go:23.16,26.3 2 0
project-final/delivery/controller/user_controller.go:28.2,28.50 1 0
project-final/delivery/controller/user_controller.go:31.58,33.53 2 0
project-final/delivery/controller/user_controller.go:33.53,36.3 2 0
project-final/delivery/controller/user_controller.go:38.2,39.16 2 0
project-final/delivery/controller/user_controller.go:39.16,42.3 2 0
project-final/delivery/controller/user_controller.go:44.2,44.50 1 0
project-final/delivery/controller/user_controller.go:47.62,49.14 2 0
project-final/delivery/controller/user_controller.go:49.14,52.3 2 0
project-final/delivery/controller/user_controller.go:54.2,55.53 2 0
project-final/delivery/controller/user_controller.go:55.53,58.3 2 0
project-final/delivery/controller/user_controller.go:59.2,62.16 3 0
project-final/delivery/controller/user_controller.go:62.16,65.3 2 0
project-final/delivery/controller/user_controller.go:67.2,67.50 1 0
project-final/delivery/controller/user_controller.go:70.59,72.14 2 0
project-final/delivery/controller/user_controller.go:72.14,75.3 2 0
project-final/delivery/controller/user_controller.go:77.2,78.16 2 0
project-final/delivery/controller/user_controller.go:78.16,81.3 2 0
project-final/delivery/controller/user_controller.go:83.2,83.50 1 0
project-final/delivery/controller/user_controller.go:86.62,88.14 2 0
project-final/delivery/controller/user_controller.go:88.14,91.3 2 0
project-final/delivery/controller/user_controller.go:93.2,94.16 2 0
project-final/delivery/controller/user_controller.go:94.16,97.3 2 0
project-final/delivery/controller/user_controller.go:99.2,99.43 1 0
project-final/delivery/controller/user_controller.go:102.34,110.2 6 0
project-final/delivery/controller/user_controller.go:111.127,113.2 1 0
project-final/usecase/auth_usecase.go:20.86,22.16 2 0
project-final/usecase/auth_usecase.go:22.16,24.3 1 0
project-final/usecase/auth_usecase.go:26.2,27.16 2 0
project-final/usecase/auth_usecase.go:27.16,29.3 1 0
project-final/usecase/auth_usecase.go:31.2,31.19 1 0
project-final/usecase/auth_usecase.go:35.72,38.2 1 0
project-final/usecase/auth_usecase.go:40.75,42.2 1 0
project-final/usecase/booking_usecase.go:28.68,30.16 2 0
project-final/usecase/booking_usecase.go:30.16,32.3 1 0
project-final/usecase/booking_usecase.go:34.2,35.16 2 0
project-final/usecase/booking_usecase.go:35.16,37.3 1 0
project-final/usecase/booking_usecase.go:38.2,45.16 6 0
project-final/usecase/booking_usecase.go:45.16,47.3 1 0
project-final/usecase/booking_usecase.go:49.2,49.31 1 0
project-final/usecase/booking_usecase.go:49.31,52.17 2 0
project-final/usecase/booking_usecase.go:52.17,54.4 1 0
project-final/usecase/booking_usecase.go:56.3,56.36 1 0
project-final/usecase/booking_usecase.go:56.36,70.45 2 0
project-final/usecase/booking_usecase.go:70.45,72.5 1 0
project-final/usecase/booking_usecase.go:76.2,76.22 1 0
project-final/usecase/booking_usecase.go:80.101,81.51 1 0
project-final/usecase/booking_usecase.go:81.51,83.3 1 0
project-final/usecase/booking_usecase.go:85.2,86.16 2 0
project-final/usecase/booking_usecase.go:86.16,88.3 1 0
project-final/usecase/booking_usecase.go:90.2,90.25 1 0
project-final/usecase/booking_usecase.go:90.25,92.3 1 0
project-final/usecase/booking_usecase.go:94.2,95.16 2 0
project-final/usecase/booking_usecase.go:95.16,97.3 1 0
project-final/usecase/booking_usecase.go:99.2,99.28 1 0
project-final/usecase/booking_usecase.go:99.28,101.3 1 0
project-final/usecase/booking_usecase.go:103.2,103.51 1 0
project-final/usecase/booking_usecase.go:103.51,105.3 1 0
project-final/usecase/booking_usecase.go:107.2,108.16 2 0
project-final/usecase/booking_usecase.go:108.16,110.3 1 0
project-final/usecase/booking_usecase.go:112.2,112.21 1 0
project-final/usecase/booking_usecase.go:116.89,118.16 2 0
project-final/usecase/booking_usecase.go:118.16,120.3 1 0
project-final/usecase/booking_usecase.go:121.2,121.22 1 0
project-final/usecase/booking_usecase.go:125.68,127.16 2 0
project-final/usecase/booking_usecase.go:127.16,129.3 1 0
project-final/usecase/booking_usecase.go:130.2,130.22 1 0
project-final/usecase/booking_usecase.go:134.101,136.16 2 0
project-final/usecase/booking_usecase.go:136.16,138.3 1 0
project-final/usecase/booking_usecase.go:139.2,139.21 1 0
project-final/usecase/booking_usecase.go:143.114,146.16 2 0
project-final/usecase/booking_usecase.go:146.16,148.3 1 0
project-final/usecase/booking_usecase.go:150.2,151.44 2 0
project-final/usecase/booking_usecase.go:151.44,153.17 2 0
project-final/usecase/booking_usecase.go:153.17,155.4 1 0
project-final/usecase/booking_usecase.go:157.3,158.28 2 0
project-final/usecase/booking_usecase.go:158.28,160.4 1 0
project-final/usecase/booking_usecase.go:162.3,167.5 1 0
project-final/usecase/booking_usecase.go:170.2,176.16 3 0
project-final/usecase/booking_usecase.go:176.16,178.3 1 0
project-final/usecase/booking_usecase.go:180.2,180.21 1 0
project-final/usecase/booking_usecase.go:187.18,193.2 1 0
project-final/usecase/room_usecase.go:27.79,30.16 2 1
project-final/usecase/room_usecase.go:30.16,32.3 1 0
project-final/usecase/room_usecase.go:33.2,33.27 1 1
project-final/usecase/room_usecase.go:33.27,35.3 1 0
project-final/usecase/room_usecase.go:37.2,37.18 1 1
project-final/usecase/room_usecase.go:41.60,43.16 2 1
project-final/usecase/room_usecase.go:43.16,45.3 1 0
project-final/usecase/room_usecase.go:47.2,47.18 1 1
project-final/usecase/room_usecase.go:51.57,53.16 2 1
project-final/usecase/room_usecase.go:53.16,55.3 1 0
project-final/usecase/room_usecase.go:56.2,56.12 1 1
project-final/usecase/room_usecase.go:60.70,62.16 2 1
project-final/usecase/room_usecase.go:62.16,64.3 1 0
project-final/usecase/room_usecase.go:65.2,65.23 1 1
project-final/usecase/room_usecase.go:69.64,71.16 2 1
project-final/usecase/room_usecase.go:71.16,73.3 1 0
project-final/usecase/room_usecase.go:74.2,74.23 1 1
project-final/usecase/room_usecase.go:78.75,80.16 2 1
project-final/usecase/room_usecase.go:80.16,82.3 1 0
project-final/usecase/room_usecase.go:83.2,83.22 1 1
project-final/usecase/room_usecase.go:87.85,90.16 2 1
project-final/usecase/room_usecase.go:90.16,92.3 1 0
project-final/usecase/room_usecase.go:94.2,94.26 1 1
project-final/usecase/room_usecase.go:94.26,95.48 1 1
project-final/usecase/room_usecase.go:95.48,97.4 1 1
project-final/usecase/room_usecase.go:98.3,98.31 1 1
project-final/usecase/room_usecase.go:98.31,100.4 1 1
project-final/usecase/room_usecase.go:101.3,101.46 1 1
project-final/usecase/room_usecase.go:101.46,103.4 1 1
project-final/usecase/room_usecase.go:104.3,104.64 1 1
project-final/usecase/room_usecase.go:104.64,106.4 1 1
project-final/usecase/room_usecase.go:107.3,107.54 1 1
project-final/usecase/room_usecase.go:107.54,109.4 1 1
project-final/usecase/room_usecase.go:110.3,110.61 1 1
project-final/usecase/room_usecase.go:110.61,112.4 1 1
project-final/usecase/room_usecase.go:113.3,113.59 1 1
project-final/usecase/room_usecase.go:113.59,115.4 1 1
project-final/usecase/room_usecase.go:116.3,116.65 1 1
project-final/usecase/room_usecase.go:116.65,118.4 1 1
project-final/usecase/room_usecase.go:119.3,119.56 1 1
project-final/usecase/room_usecase.go:119.56,121.4 1 1
project-final/usecase/room_usecase.go:122.3,122.56 1 1
project-final/usecase/room_usecase.go:122.56,124.4 1 1
project-final/usecase/room_usecase.go:125.3,125.60 1 1
project-final/usecase/room_usecase.go:125.60,127.4 1 1
project-final/usecase/room_usecase.go:128.3,128.62 1 1
project-final/usecase/room_usecase.go:128.62,130.4 1 1
project-final/usecase/room_usecase.go:131.3,131.59 1 1
project-final/usecase/room_usecase.go:131.59,133.4 1 1
project-final/usecase/room_usecase.go:134.3,134.52 1 1
project-final/usecase/room_usecase.go:134.52,136.4 1 1
project-final/usecase/room_usecase.go:137.3,137.58 1 1
project-final/usecase/room_usecase.go:137.58,139.4 1 1
project-final/usecase/room_usecase.go:140.3,140.60 1 1
project-final/usecase/room_usecase.go:140.60,142.4 1 1
project-final/usecase/room_usecase.go:145.2,146.16 2 1
project-final/usecase/room_usecase.go:146.16,148.3 1 1
project-final/usecase/room_usecase.go:150.2,150.20 1 0
project-final/usecase/room_usecase.go:154.65,156.16 2 1
project-final/usecase/room_usecase.go:156.16,158.3 1 1
project-final/usecase/room_usecase.go:160.2,160.26 1 1
project-final/usecase/room_usecase.go:164.63,166.16 2 1
project-final/usecase/room_usecase.go:166.16,168.3 1 1
project-final/usecase/room_usecase.go:170.2,170.22 1 1
project-final/usecase/room_usecase.go:174.79,176.16 2 1
project-final/usecase/room_usecase.go:176.16,177.13 1 0
project-final/usecase/room_usecase.go:179.2,179.21 1 1
project-final/usecase/room_usecase.go:182.65,184.2 1 1
project-final/usecase/user_usecase.go:27.94,29.16 2 0
project-final/usecase/user_usecase.go:29.16,31.3 1 0
project-final/usecase/user_usecase.go:33.2,33.76 1 0
project-final/usecase/user_usecase.go:33.76,35.3 1 0
project-final/usecase/user_usecase.go:37.2,39.18 2 0
project-final/usecase/user_usecase.go:43.89,45.16 2 0
project-final/usecase/user_usecase.go:45.16,47.3 1 0
project-final/usecase/user_usecase.go:49.2,51.43 2 0
project-final/usecase/user_usecase.go:55.59,57.16 2 0
project-final/usecase/user_usecase.go:57.16,59.3 1 0
project-final/usecase/user_usecase.go:60.2,60.18 1 0
project-final/usecase/user_usecase.go:63.63,65.16 2 0
project-final/usecase/user_usecase.go:65.16,67.3 1 0
project-final/usecase/user_usecase.go:68.2,68.18 1 0
project-final/usecase/user_usecase.go:71.65,73.16 2 0
project-final/usecase/user_usecase.go:73.16,75.3 1 0
project-final/usecase/user_usecase.go:76.2,76.26 1 0
project-final/usecase/user_usecase.go:79.79,80.28 1 0
project-final/usecase/user_usecase.go:80.28,82.3 1 0
project-final/usecase/user_usecase.go:84.2,84.23 1 0
project-final/usecase/user_usecase.go:84.23,88.3 1 0
project-final/usecase/user_usecase.go:90.2,91.16 2 0
project-final/usecase/user_usecase.go:91.16,93.3 1 0
project-final/usecase/user_usecase.go:95.2,95.51 1 0
project-final/usecase/user_usecase.go:95.51,102.17 3 0
project-final/usecase/user_usecase.go:102.17,104.4 1 0
project-final/usecase/user_usecase.go:107.2,108.31 2 0
project-final/usecase/user_usecase.go:112.92,114.2 1 0
